/*C22*/SET SCHEMA PUBLIC
DELETE FROM PRODUTO WHERE ID=3
COMMIT
DELETE FROM PRODUTO WHERE ID=2
COMMIT
/*C25*/SET SCHEMA PUBLIC
DISCONNECT
/*C31*/SET SCHEMA PUBLIC
DISCONNECT
/*C23*/SET SCHEMA PUBLIC
DISCONNECT
/*C26*/SET SCHEMA PUBLIC
DISCONNECT
/*C30*/SET SCHEMA PUBLIC
DISCONNECT
/*C28*/SET SCHEMA PUBLIC
DISCONNECT
/*C29*/SET SCHEMA PUBLIC
DISCONNECT
/*C27*/SET SCHEMA PUBLIC
DISCONNECT
/*C22*/DISCONNECT
/*C24*/SET SCHEMA PUBLIC
DISCONNECT
/*C32*/SET SCHEMA PUBLIC
DELETE FROM PRODUTO WHERE ID=1
COMMIT
INSERT INTO PRODUTO VALUES(5,'Teste',1.00,1)
COMMIT
INSERT INTO PRODUTO VALUES(6,'Notebook',3000.00,2)
COMMIT
DELETE FROM PRODUTO WHERE ID=5
INSERT INTO PRODUTO VALUES(5,'Teste11',111.00,11)
COMMIT
DELETE FROM PRODUTO WHERE ID=5
COMMIT
DISCONNECT
/*C33*/SET SCHEMA PUBLIC
DISCONNECT
/*C34*/SET SCHEMA PUBLIC
DISCONNECT
/*C35*/SET SCHEMA PUBLIC
DISCONNECT
/*C36*/SET SCHEMA PUBLIC
DISCONNECT
/*C37*/SET SCHEMA PUBLIC
DISCONNECT
/*C38*/SET SCHEMA PUBLIC
DISCONNECT
/*C39*/SET SCHEMA PUBLIC
DISCONNECT
/*C40*/SET SCHEMA PUBLIC
DISCONNECT
/*C41*/SET SCHEMA PUBLIC
DISCONNECT
